<?xml version="1.0" encoding="UTF-8"?>
<!-- Generated by org.testng.reporters.JUnitReportReporter -->
<testsuite hostname="DESKTOP-4D5QAIQ" name="com.test.UnDosTresTest" tests="1" failures="0" timestamp="26 Jan 2020 20:57:16 GMT" time="73.856" errors="0">
  <testcase name="checkValidUser" time="73.856" classname="com.test.UnDosTresTest"/>
</testsuite> <!-- com.test.UnDosTresTest -->
